Updating HUC2 GIS files with current NRCS data...
  Getting NRCS stats for HUC2...
  Getting NRCS PREC stats for Upper Colorado Region...
  Getting NRCS WTEQ stats for Upper Colorado Region...
  Getting NRCS PREC stats for Rio Grande Region...
  Getting NRCS WTEQ stats for Rio Grande Region...
  Getting NRCS PREC stats for Pacific Northwest Region...
  Getting NRCS WTEQ stats for Pacific Northwest Region...
  Getting NRCS PREC stats for Missouri Region...
  Getting NRCS WTEQ stats for Missouri Region...
  Getting NRCS PREC stats for Lower Colorado Region...
  Getting NRCS WTEQ stats for Lower Colorado Region...
  Getting NRCS PREC stats for Great Basin Region...
  Getting NRCS WTEQ stats for Great Basin Region...
  Getting NRCS PREC stats for California Region...
  Getting NRCS WTEQ stats for California Region...
  Getting NRCS PREC stats for Arkansas-White-Red Region...
  Getting NRCS WTEQ stats for Arkansas-White-Red Region...
  Successfully updated HUC2 GIS files with current NRCS data.

Updating HUC2 GIS files with current NRCS data...
Updating HUC2 GIS files with current NRCS data...
  Getting NRCS stats for HUC2...
  Getting NRCS stats for HUC2...
  Getting NRCS PREC stats for Upper Colorado Region...
  Getting NRCS PREC stats for Upper Colorado Region...
  Getting NRCS WTEQ stats for Upper Colorado Region...
  Getting NRCS WTEQ stats for Upper Colorado Region...
  Getting NRCS PREC stats for Rio Grande Region...
  Getting NRCS PREC stats for Rio Grande Region...
  Getting NRCS WTEQ stats for Rio Grande Region...
  Getting NRCS WTEQ stats for Rio Grande Region...
  Getting NRCS PREC stats for Pacific Northwest Region...
  Getting NRCS PREC stats for Pacific Northwest Region...
  Getting NRCS WTEQ stats for Pacific Northwest Region...
  Getting NRCS WTEQ stats for Pacific Northwest Region...
  Getting NRCS PREC stats for Missouri Region...
  Getting NRCS PREC stats for Missouri Region...
  Getting NRCS WTEQ stats for Missouri Region...
  Getting NRCS WTEQ stats for Missouri Region...
  Getting NRCS PREC stats for Lower Colorado Region...
  Getting NRCS PREC stats for Lower Colorado Region...
  Getting NRCS WTEQ stats for Lower Colorado Region...
  Getting NRCS WTEQ stats for Lower Colorado Region...
  Getting NRCS PREC stats for Great Basin Region...
  Getting NRCS PREC stats for Great Basin Region...
  Getting NRCS WTEQ stats for Great Basin Region...
  Getting NRCS WTEQ stats for Great Basin Region...
  Getting NRCS PREC stats for California Region...
  Getting NRCS PREC stats for California Region...
  Getting NRCS WTEQ stats for California Region...
  Getting NRCS WTEQ stats for California Region...
  Getting NRCS PREC stats for Arkansas-White-Red Region...
  Getting NRCS PREC stats for Arkansas-White-Red Region...
  Getting NRCS WTEQ stats for Arkansas-White-Red Region...
  Getting NRCS WTEQ stats for Arkansas-White-Red Region...
  Successfully updated HUC2 GIS files with current NRCS data.

  Successfully updated HUC2 GIS files with current NRCS data.

Updating HUC4 GIS files with current NRCS data...
Updating HUC4 GIS files with current NRCS data...
  Getting NRCS stats for HUC4...
  Getting NRCS stats for HUC4...
  Failed to update HUC4 GIS files with current NRCS data - 'HUC4'

  Failed to update HUC4 GIS files with current NRCS data - 'HUC4'

Updating HUC6 GIS files with current NRCS data...
Updating HUC6 GIS files with current NRCS data...
  Getting NRCS stats for HUC6...
  Getting NRCS stats for HUC6...
  Getting NRCS PREC stats for Brazos Headwaters...
  Getting NRCS PREC stats for Brazos Headwaters...
  Getting NRCS PREC stats for Lower Brazos...
  Getting NRCS PREC stats for Lower Brazos...
  Getting NRCS PREC stats for Upper Colorado...
  Getting NRCS PREC stats for Upper Colorado...
  Getting NRCS PREC stats for San Jacinto...
  Getting NRCS PREC stats for San Jacinto...
  Getting NRCS PREC stats for Galveston Bay-Sabine Lake...
  Getting NRCS PREC stats for Galveston Bay-Sabine Lake...
  Getting NRCS PREC stats for Middle Brazos-Bosque...
  Getting NRCS PREC stats for Middle Brazos-Bosque...
  Getting NRCS PREC stats for Middle Brazos-Clear Fork...
  Getting NRCS PREC stats for Middle Brazos-Clear Fork...
  Getting NRCS PREC stats for Middle Colorado-Concho...
  Getting NRCS PREC stats for Middle Colorado-Concho...
  Getting NRCS PREC stats for Nueces...
  Getting NRCS PREC stats for Nueces...
  Getting NRCS PREC stats for Rio Grande Headwaters...
  Getting NRCS PREC stats for Rio Grande Headwaters...
  Getting NRCS WTEQ stats for Rio Grande Headwaters...
  Getting NRCS WTEQ stats for Rio Grande Headwaters...
  Getting NRCS PREC stats for Upper Rio Grande...
  Getting NRCS PREC stats for Upper Rio Grande...
  Getting NRCS WTEQ stats for Upper Rio Grande...
  Getting NRCS WTEQ stats for Upper Rio Grande...
  Getting NRCS PREC stats for Rio Grande-Elephant Butte...
  Getting NRCS PREC stats for Rio Grande-Elephant Butte...
  Getting NRCS WTEQ stats for Rio Grande-Elephant Butte...
  Getting NRCS WTEQ stats for Rio Grande-Elephant Butte...
  Getting NRCS PREC stats for Upper Pecos...
  Getting NRCS PREC stats for Upper Pecos...
  Getting NRCS WTEQ stats for Upper Pecos...
  Getting NRCS WTEQ stats for Upper Pecos...
  Getting NRCS PREC stats for Rio Grande-Caballo...
  Getting NRCS PREC stats for Rio Grande-Caballo...
  Getting NRCS WTEQ stats for Rio Grande-Caballo...
  Getting NRCS WTEQ stats for Rio Grande-Caballo...
  Getting NRCS PREC stats for Mimbres...
  Getting NRCS PREC stats for Mimbres...
  Getting NRCS WTEQ stats for Mimbres...
  Getting NRCS WTEQ stats for Mimbres...
  Getting NRCS PREC stats for Spokane...
  Getting NRCS PREC stats for Spokane...
  Getting NRCS WTEQ stats for Spokane...
  Getting NRCS WTEQ stats for Spokane...
  Getting NRCS PREC stats for Snake Headwaters...
  Getting NRCS PREC stats for Snake Headwaters...
  Getting NRCS WTEQ stats for Snake Headwaters...
  Getting NRCS WTEQ stats for Snake Headwaters...
  Getting NRCS PREC stats for Clearwater...
  Getting NRCS PREC stats for Clearwater...
  Getting NRCS WTEQ stats for Clearwater...
  Getting NRCS WTEQ stats for Clearwater...
  Getting NRCS PREC stats for Middle Snake-Powder...
  Getting NRCS PREC stats for Middle Snake-Powder...
  Getting NRCS WTEQ stats for Middle Snake-Powder...
  Getting NRCS WTEQ stats for Middle Snake-Powder...
  Getting NRCS PREC stats for Deschutes...
  Getting NRCS PREC stats for Deschutes...
  Getting NRCS WTEQ stats for Deschutes...
  Getting NRCS WTEQ stats for Deschutes...
  Getting NRCS PREC stats for Lower Snake...
  Getting NRCS PREC stats for Lower Snake...
  Getting NRCS WTEQ stats for Lower Snake...
  Getting NRCS WTEQ stats for Lower Snake...
  Getting NRCS PREC stats for Middle Snake-Boise...
  Getting NRCS PREC stats for Middle Snake-Boise...
  Getting NRCS WTEQ stats for Middle Snake-Boise...
  Getting NRCS WTEQ stats for Middle Snake-Boise...
  Getting NRCS PREC stats for Kootenai...
  Getting NRCS PREC stats for Kootenai...
  Getting NRCS WTEQ stats for Kootenai...
  Getting NRCS WTEQ stats for Kootenai...
  Getting NRCS PREC stats for Pend Oreille...
  Getting NRCS PREC stats for Pend Oreille...
  Getting NRCS WTEQ stats for Pend Oreille...
  Getting NRCS WTEQ stats for Pend Oreille...
  Getting NRCS PREC stats for Upper Columbia...
  Getting NRCS PREC stats for Upper Columbia...
  Getting NRCS WTEQ stats for Upper Columbia...
  Getting NRCS WTEQ stats for Upper Columbia...
  Getting NRCS PREC stats for Yakima...
  Getting NRCS PREC stats for Yakima...
  Getting NRCS WTEQ stats for Yakima...
  Getting NRCS WTEQ stats for Yakima...
  Getting NRCS PREC stats for Upper Snake...
  Getting NRCS PREC stats for Upper Snake...
  Getting NRCS WTEQ stats for Upper Snake...
  Getting NRCS WTEQ stats for Upper Snake...
  Getting NRCS PREC stats for John Day...
  Getting NRCS PREC stats for John Day...
  Getting NRCS WTEQ stats for John Day...
  Getting NRCS WTEQ stats for John Day...
  Getting NRCS PREC stats for Oregon Closed Basins...
  Getting NRCS PREC stats for Oregon Closed Basins...
  Getting NRCS WTEQ stats for Oregon Closed Basins...
  Getting NRCS WTEQ stats for Oregon Closed Basins...
  Getting NRCS PREC stats for Middle Columbia...
  Getting NRCS PREC stats for Middle Columbia...
  Getting NRCS WTEQ stats for Middle Columbia...
  Getting NRCS WTEQ stats for Middle Columbia...
  Getting NRCS PREC stats for Puget Sound...
  Getting NRCS PREC stats for Puget Sound...
  Getting NRCS WTEQ stats for Puget Sound...
  Getting NRCS WTEQ stats for Puget Sound...
  Getting NRCS PREC stats for Lower Columbia...
  Getting NRCS PREC stats for Lower Columbia...
  Getting NRCS WTEQ stats for Lower Columbia...
  Getting NRCS WTEQ stats for Lower Columbia...
  Getting NRCS PREC stats for Willamette...
  Getting NRCS PREC stats for Willamette...
  Getting NRCS WTEQ stats for Willamette...
  Getting NRCS WTEQ stats for Willamette...
  Getting NRCS PREC stats for Southern Oregon Coastal...
  Getting NRCS PREC stats for Southern Oregon Coastal...
  Getting NRCS WTEQ stats for Southern Oregon Coastal...
  Getting NRCS WTEQ stats for Southern Oregon Coastal...
  Getting NRCS PREC stats for Salmon...
  Getting NRCS PREC stats for Salmon...
  Getting NRCS WTEQ stats for Salmon...
  Getting NRCS WTEQ stats for Salmon...
  Getting NRCS PREC stats for Gunnison...
  Getting NRCS PREC stats for Gunnison...
  Getting NRCS WTEQ stats for Gunnison...
  Getting NRCS WTEQ stats for Gunnison...
  Getting NRCS PREC stats for Upper Green...
  Getting NRCS PREC stats for Upper Green...
  Getting NRCS WTEQ stats for Upper Green...
  Getting NRCS WTEQ stats for Upper Green...
  Getting NRCS PREC stats for Lower San Juan...
  Getting NRCS PREC stats for Lower San Juan...
  Getting NRCS WTEQ stats for Lower San Juan...
  Getting NRCS WTEQ stats for Lower San Juan...
  Getting NRCS PREC stats for Upper Colorado-Dirty Devil...
  Getting NRCS PREC stats for Upper Colorado-Dirty Devil...
  Getting NRCS WTEQ stats for Upper Colorado-Dirty Devil...
  Getting NRCS WTEQ stats for Upper Colorado-Dirty Devil...
  Getting NRCS PREC stats for Colorado Headwaters...
  Getting NRCS PREC stats for Colorado Headwaters...
  Getting NRCS WTEQ stats for Colorado Headwaters...
  Getting NRCS WTEQ stats for Colorado Headwaters...
  Getting NRCS PREC stats for Upper Colorado-Dolores...
  Getting NRCS PREC stats for Upper Colorado-Dolores...
  Getting NRCS WTEQ stats for Upper Colorado-Dolores...
  Getting NRCS WTEQ stats for Upper Colorado-Dolores...
  Getting NRCS PREC stats for White-Yampa...
  Getting NRCS PREC stats for White-Yampa...
  Getting NRCS WTEQ stats for White-Yampa...
  Getting NRCS WTEQ stats for White-Yampa...
  Getting NRCS PREC stats for Upper San Juan...
  Getting NRCS PREC stats for Upper San Juan...
  Getting NRCS WTEQ stats for Upper San Juan...
  Getting NRCS WTEQ stats for Upper San Juan...
  Getting NRCS PREC stats for Lower Green...
  Getting NRCS PREC stats for Lower Green...
  Getting NRCS WTEQ stats for Lower Green...
  Getting NRCS WTEQ stats for Lower Green...
  Getting NRCS PREC stats for Big Sioux...
  Getting NRCS PREC stats for Big Sioux...
  Getting NRCS PREC stats for Milk...
  Getting NRCS PREC stats for Milk...
  Getting NRCS WTEQ stats for Milk...
  Getting NRCS WTEQ stats for Milk...
  Getting NRCS PREC stats for Tongue...
  Getting NRCS PREC stats for Tongue...
  Getting NRCS WTEQ stats for Tongue...
  Getting NRCS WTEQ stats for Tongue...
  Getting NRCS PREC stats for Cheyenne...
  Getting NRCS PREC stats for Cheyenne...
  Getting NRCS WTEQ stats for Cheyenne...
  Getting NRCS WTEQ stats for Cheyenne...
  Getting NRCS PREC stats for Grand...
  Getting NRCS PREC stats for Grand...
  Getting NRCS PREC stats for Lake Oahe...
  Getting NRCS PREC stats for Lake Oahe...
  Getting NRCS PREC stats for James...
  Getting NRCS PREC stats for James...
  Getting NRCS PREC stats for Smoky Hill...
  Getting NRCS PREC stats for Smoky Hill...
  Getting NRCS PREC stats for Big Horn...
  Getting NRCS PREC stats for Big Horn...
  Getting NRCS WTEQ stats for Big Horn...
  Getting NRCS WTEQ stats for Big Horn...
  Getting NRCS PREC stats for South Platte...
  Getting NRCS PREC stats for South Platte...
  Getting NRCS WTEQ stats for South Platte...
  Getting NRCS WTEQ stats for South Platte...
  Getting NRCS PREC stats for North Platte...
  Getting NRCS PREC stats for North Platte...
  Getting NRCS WTEQ stats for North Platte...
  Getting NRCS WTEQ stats for North Platte...
  Getting NRCS PREC stats for Missouri-Little Sioux...
  Getting NRCS PREC stats for Missouri-Little Sioux...
  Getting NRCS PREC stats for Lower Platte...
  Getting NRCS PREC stats for Lower Platte...
  Getting NRCS PREC stats for Osage...
  Getting NRCS PREC stats for Osage...
  Getting NRCS PREC stats for Lower Missouri-Blackwater...
  Getting NRCS PREC stats for Lower Missouri-Blackwater...
  Getting NRCS PREC stats for Musselshell...
  Getting NRCS PREC stats for Musselshell...
  Getting NRCS WTEQ stats for Musselshell...
  Getting NRCS WTEQ stats for Musselshell...
  Getting NRCS PREC stats for Fort Peck Lake...
  Getting NRCS PREC stats for Fort Peck Lake...
  Getting NRCS WTEQ stats for Fort Peck Lake...
  Getting NRCS WTEQ stats for Fort Peck Lake...
  Getting NRCS PREC stats for Lower Yellowstone...
  Getting NRCS PREC stats for Lower Yellowstone...
  Getting NRCS PREC stats for Republican...
  Getting NRCS PREC stats for Republican...
  Getting NRCS PREC stats for Upper Yellowstone...
  Getting NRCS PREC stats for Upper Yellowstone...
  Getting NRCS WTEQ stats for Upper Yellowstone...
  Getting NRCS WTEQ stats for Upper Yellowstone...
  Getting NRCS PREC stats for Upper Missouri...
  Getting NRCS PREC stats for Upper Missouri...
  Getting NRCS WTEQ stats for Upper Missouri...
  Getting NRCS WTEQ stats for Upper Missouri...
  Getting NRCS PREC stats for Marias...
  Getting NRCS PREC stats for Marias...
  Getting NRCS WTEQ stats for Marias...
  Getting NRCS WTEQ stats for Marias...
  Getting NRCS PREC stats for Kansas...
  Getting NRCS PREC stats for Kansas...
  Getting NRCS PREC stats for Big Blue...
  Getting NRCS PREC stats for Big Blue...
  Getting NRCS PREC stats for Belle Fourche...
  Getting NRCS PREC stats for Belle Fourche...
  Getting NRCS WTEQ stats for Belle Fourche...
  Getting NRCS WTEQ stats for Belle Fourche...
  Getting NRCS PREC stats for Powder...
  Getting NRCS PREC stats for Powder...
  Getting NRCS WTEQ stats for Powder...
  Getting NRCS WTEQ stats for Powder...
  Getting NRCS PREC stats for Missouri Headwaters...
  Getting NRCS PREC stats for Missouri Headwaters...
  Getting NRCS WTEQ stats for Missouri Headwaters...
  Getting NRCS WTEQ stats for Missouri Headwaters...
  Getting NRCS PREC stats for Salt...
  Getting NRCS PREC stats for Salt...
  Getting NRCS WTEQ stats for Salt...
  Getting NRCS WTEQ stats for Salt...
  Getting NRCS PREC stats for San Pedro-Willcox...
  Getting NRCS PREC stats for San Pedro-Willcox...
  Getting NRCS PREC stats for Verde...
  Getting NRCS PREC stats for Verde...
  Getting NRCS WTEQ stats for Verde...
  Getting NRCS WTEQ stats for Verde...
  Getting NRCS PREC stats for Lower Colorado-Lake Mead...
  Getting NRCS PREC stats for Lower Colorado-Lake Mead...
  Getting NRCS WTEQ stats for Lower Colorado-Lake Mead...
  Getting NRCS WTEQ stats for Lower Colorado-Lake Mead...
  Getting NRCS PREC stats for Upper Gila...
  Getting NRCS PREC stats for Upper Gila...
  Getting NRCS WTEQ stats for Upper Gila...
  Getting NRCS WTEQ stats for Upper Gila...
  Getting NRCS PREC stats for Little Colorado...
  Getting NRCS PREC stats for Little Colorado...
  Getting NRCS WTEQ stats for Little Colorado...
  Getting NRCS WTEQ stats for Little Colorado...
  Getting NRCS PREC stats for Lower Bear...
  Getting NRCS PREC stats for Lower Bear...
  Getting NRCS WTEQ stats for Lower Bear...
  Getting NRCS WTEQ stats for Lower Bear...
  Getting NRCS PREC stats for Jordan...
  Getting NRCS PREC stats for Jordan...
  Getting NRCS WTEQ stats for Jordan...
  Getting NRCS WTEQ stats for Jordan...
  Getting NRCS PREC stats for Truckee...
  Getting NRCS PREC stats for Truckee...
  Getting NRCS WTEQ stats for Truckee...
  Getting NRCS WTEQ stats for Truckee...
  Getting NRCS PREC stats for Carson...
  Getting NRCS PREC stats for Carson...
  Getting NRCS WTEQ stats for Carson...
  Getting NRCS WTEQ stats for Carson...
  Getting NRCS PREC stats for Walker...
  Getting NRCS PREC stats for Walker...
  Getting NRCS WTEQ stats for Walker...
  Getting NRCS WTEQ stats for Walker...
  Getting NRCS PREC stats for Central Nevada Desert Basins...
  Getting NRCS PREC stats for Central Nevada Desert Basins...
  Getting NRCS WTEQ stats for Central Nevada Desert Basins...
  Getting NRCS WTEQ stats for Central Nevada Desert Basins...
  Getting NRCS PREC stats for Escalante Desert-Sevier Lake...
  Getting NRCS PREC stats for Escalante Desert-Sevier Lake...
  Getting NRCS WTEQ stats for Escalante Desert-Sevier Lake...
  Getting NRCS WTEQ stats for Escalante Desert-Sevier Lake...
  Getting NRCS PREC stats for Black Rock Desert...
  Getting NRCS PREC stats for Black Rock Desert...
  Getting NRCS WTEQ stats for Black Rock Desert...
  Getting NRCS WTEQ stats for Black Rock Desert...
  Getting NRCS PREC stats for Great Salt Lake...
  Getting NRCS PREC stats for Great Salt Lake...
  Getting NRCS WTEQ stats for Great Salt Lake...
  Getting NRCS WTEQ stats for Great Salt Lake...
  Getting NRCS PREC stats for Humboldt...
  Getting NRCS PREC stats for Humboldt...
  Getting NRCS WTEQ stats for Humboldt...
  Getting NRCS WTEQ stats for Humboldt...
  Getting NRCS PREC stats for Weber...
  Getting NRCS PREC stats for Weber...
  Getting NRCS WTEQ stats for Weber...
  Getting NRCS WTEQ stats for Weber...
  Getting NRCS PREC stats for Upper Bear...
  Getting NRCS PREC stats for Upper Bear...
  Getting NRCS WTEQ stats for Upper Bear...
  Getting NRCS WTEQ stats for Upper Bear...
  Getting NRCS PREC stats for Mono-Owens Lakes...
  Getting NRCS PREC stats for Mono-Owens Lakes...
  Getting NRCS WTEQ stats for Mono-Owens Lakes...
  Getting NRCS WTEQ stats for Mono-Owens Lakes...
  Getting NRCS PREC stats for Northern Mojave...
  Getting NRCS PREC stats for Northern Mojave...
  Getting NRCS PREC stats for Tulare-Buena Vista Lakes...
  Getting NRCS PREC stats for Tulare-Buena Vista Lakes...
  Getting NRCS PREC stats for San Joaquin...
  Getting NRCS PREC stats for San Joaquin...
  Getting NRCS WTEQ stats for San Joaquin...
  Getting NRCS WTEQ stats for San Joaquin...
  Getting NRCS PREC stats for Southern Mojave...
  Getting NRCS PREC stats for Southern Mojave...
  Getting NRCS PREC stats for Upper Sacramento...
  Getting NRCS PREC stats for Upper Sacramento...
  Getting NRCS WTEQ stats for Upper Sacramento...
  Getting NRCS WTEQ stats for Upper Sacramento...
  Getting NRCS PREC stats for Lower Sacramento...
  Getting NRCS PREC stats for Lower Sacramento...
  Getting NRCS WTEQ stats for Lower Sacramento...
  Getting NRCS WTEQ stats for Lower Sacramento...
  Getting NRCS PREC stats for North Lahontan...
  Getting NRCS PREC stats for North Lahontan...
  Getting NRCS WTEQ stats for North Lahontan...
  Getting NRCS WTEQ stats for North Lahontan...
  Getting NRCS PREC stats for Klamath...
  Getting NRCS PREC stats for Klamath...
  Getting NRCS WTEQ stats for Klamath...
  Getting NRCS WTEQ stats for Klamath...
  Getting NRCS PREC stats for Prairie Dog Town Fork Red...
  Getting NRCS PREC stats for Prairie Dog Town Fork Red...
  Getting NRCS PREC stats for Lower North Canadian...
  Getting NRCS PREC stats for Lower North Canadian...
  Getting NRCS PREC stats for Upper Canadian...
  Getting NRCS PREC stats for Upper Canadian...
  Getting NRCS WTEQ stats for Upper Canadian...
  Getting NRCS WTEQ stats for Upper Canadian...
  Getting NRCS PREC stats for Upper Arkansas...
  Getting NRCS PREC stats for Upper Arkansas...
  Getting NRCS WTEQ stats for Upper Arkansas...
  Getting NRCS WTEQ stats for Upper Arkansas...
  Getting NRCS PREC stats for Neosho...
  Getting NRCS PREC stats for Neosho...
  Getting NRCS PREC stats for Middle Arkansas...
  Getting NRCS PREC stats for Middle Arkansas...
  Getting NRCS PREC stats for Red-Lake Texoma...
  Getting NRCS PREC stats for Red-Lake Texoma...
  Getting NRCS PREC stats for Lower Arkansas-Fourche La Fave...
  Getting NRCS PREC stats for Lower Arkansas-Fourche La Fave...
  Getting NRCS PREC stats for Upper White...
  Getting NRCS PREC stats for Upper White...
  Successfully updated HUC6 GIS files with current NRCS data.

  Successfully updated HUC6 GIS files with current NRCS data.

Updating HUC8 GIS files with current NRCS data...
Updating HUC8 GIS files with current NRCS data...
  Getting NRCS stats for HUC8...
  Getting NRCS stats for HUC8...
  Getting NRCS PREC stats for Williamson...
  Getting NRCS PREC stats for Williamson...
  Getting NRCS WTEQ stats for Williamson...
  Getting NRCS WTEQ stats for Williamson...
  Getting NRCS PREC stats for Sprague...
  Getting NRCS PREC stats for Sprague...
  Getting NRCS WTEQ stats for Sprague...
  Getting NRCS WTEQ stats for Sprague...
  Getting NRCS PREC stats for Upper Klamath Lake...
  Getting NRCS PREC stats for Upper Klamath Lake...
  Getting NRCS WTEQ stats for Upper Klamath Lake...
  Getting NRCS WTEQ stats for Upper Klamath Lake...
  Getting NRCS PREC stats for Smith...
  Getting NRCS PREC stats for Smith...
  Getting NRCS WTEQ stats for Smith...
  Getting NRCS WTEQ stats for Smith...
  Getting NRCS PREC stats for Upper Pit...
  Getting NRCS PREC stats for Upper Pit...
  Getting NRCS WTEQ stats for Upper Pit...
  Getting NRCS WTEQ stats for Upper Pit...
  Getting NRCS PREC stats for Upper Yuba...
  Getting NRCS PREC stats for Upper Yuba...
  Getting NRCS WTEQ stats for Upper Yuba...
  Getting NRCS WTEQ stats for Upper Yuba...
  Getting NRCS PREC stats for Upper Bear...
  Getting NRCS PREC stats for Upper Bear...
  Getting NRCS WTEQ stats for Upper Bear...
  Getting NRCS WTEQ stats for Upper Bear...
  Getting NRCS PREC stats for North Fork American...
  Getting NRCS PREC stats for North Fork American...
  Getting NRCS WTEQ stats for North Fork American...
  Getting NRCS WTEQ stats for North Fork American...
  Getting NRCS PREC stats for South Fork American...
  Getting NRCS PREC stats for South Fork American...
  Getting NRCS WTEQ stats for South Fork American...
  Getting NRCS WTEQ stats for South Fork American...
  Getting NRCS PREC stats for Clear Creek-Sacramento River...
  Getting NRCS PREC stats for Clear Creek-Sacramento River...
  Getting NRCS PREC stats for Upper Dry...
  Getting NRCS PREC stats for Upper Dry...
  Getting NRCS PREC stats for Upper Mokelumne...
  Getting NRCS PREC stats for Upper Mokelumne...
  Getting NRCS WTEQ stats for Upper Mokelumne...
  Getting NRCS WTEQ stats for Upper Mokelumne...
  Getting NRCS PREC stats for Surprise Valley...
  Getting NRCS PREC stats for Surprise Valley...
  Getting NRCS WTEQ stats for Surprise Valley...
  Getting NRCS WTEQ stats for Surprise Valley...
  Getting NRCS PREC stats for Madeline Plains...
  Getting NRCS PREC stats for Madeline Plains...
  Getting NRCS PREC stats for Mono Lake...
  Getting NRCS PREC stats for Mono Lake...
  Getting NRCS WTEQ stats for Mono Lake...
  Getting NRCS WTEQ stats for Mono Lake...
  Getting NRCS PREC stats for Crowley Lake...
  Getting NRCS PREC stats for Crowley Lake...
  Getting NRCS PREC stats for Eureka-Saline Valleys...
  Getting NRCS PREC stats for Eureka-Saline Valleys...
  Getting NRCS PREC stats for Death Valley-Lower Amargosa...
  Getting NRCS PREC stats for Death Valley-Lower Amargosa...
  Getting NRCS PREC stats for Southern Mojave...
  Getting NRCS PREC stats for Southern Mojave...
  Getting NRCS PREC stats for Honey-Eagle Lakes...
  Getting NRCS PREC stats for Honey-Eagle Lakes...
  Getting NRCS WTEQ stats for Honey-Eagle Lakes...
  Getting NRCS WTEQ stats for Honey-Eagle Lakes...
  Getting NRCS PREC stats for Upper Amargosa...
  Getting NRCS PREC stats for Upper Amargosa...
  Getting NRCS PREC stats for Lost...
  Getting NRCS PREC stats for Lost...
  Getting NRCS WTEQ stats for Lost...
  Getting NRCS WTEQ stats for Lost...
  Getting NRCS PREC stats for Upper Klamath...
  Getting NRCS PREC stats for Upper Klamath...
  Getting NRCS WTEQ stats for Upper Klamath...
  Getting NRCS WTEQ stats for Upper Klamath...
  Getting NRCS PREC stats for Goose Lake...
  Getting NRCS PREC stats for Goose Lake...
  Getting NRCS WTEQ stats for Goose Lake...
  Getting NRCS WTEQ stats for Goose Lake...
  Getting NRCS PREC stats for Upper Skagit...
  Getting NRCS PREC stats for Upper Skagit...
  Getting NRCS WTEQ stats for Upper Skagit...
  Getting NRCS WTEQ stats for Upper Skagit...
  Getting NRCS PREC stats for Skykomish...
  Getting NRCS PREC stats for Skykomish...
  Getting NRCS WTEQ stats for Skykomish...
  Getting NRCS WTEQ stats for Skykomish...
  Getting NRCS PREC stats for Salmon Falls...
  Getting NRCS PREC stats for Salmon Falls...
  Getting NRCS WTEQ stats for Salmon Falls...
  Getting NRCS WTEQ stats for Salmon Falls...
  Getting NRCS PREC stats for Applegate...
  Getting NRCS PREC stats for Applegate...
  Getting NRCS WTEQ stats for Applegate...
  Getting NRCS WTEQ stats for Applegate...
  Getting NRCS PREC stats for Sumas River...
  Getting NRCS PREC stats for Sumas River...
  Getting NRCS WTEQ stats for Sumas River...
  Getting NRCS WTEQ stats for Sumas River...
  Getting NRCS PREC stats for Warner Lakes...
  Getting NRCS PREC stats for Warner Lakes...
  Getting NRCS WTEQ stats for Warner Lakes...
  Getting NRCS WTEQ stats for Warner Lakes...
  Getting NRCS PREC stats for Guano...
  Getting NRCS PREC stats for Guano...
  Getting NRCS WTEQ stats for Guano...
  Getting NRCS WTEQ stats for Guano...
  Getting NRCS PREC stats for North Umpqua...
  Getting NRCS PREC stats for North Umpqua...
  Getting NRCS WTEQ stats for North Umpqua...
  Getting NRCS WTEQ stats for North Umpqua...
  Getting NRCS PREC stats for South Umpqua...
  Getting NRCS PREC stats for South Umpqua...
  Getting NRCS WTEQ stats for South Umpqua...
  Getting NRCS WTEQ stats for South Umpqua...
  Getting NRCS PREC stats for Upper Rogue...
  Getting NRCS PREC stats for Upper Rogue...
  Getting NRCS WTEQ stats for Upper Rogue...
  Getting NRCS WTEQ stats for Upper Rogue...
  Getting NRCS PREC stats for Silvies...
  Getting NRCS PREC stats for Silvies...
  Getting NRCS WTEQ stats for Silvies...
  Getting NRCS WTEQ stats for Silvies...
  Getting NRCS PREC stats for Donner und Blitzen...
  Getting NRCS PREC stats for Donner und Blitzen...
  Getting NRCS WTEQ stats for Donner und Blitzen...
  Getting NRCS WTEQ stats for Donner und Blitzen...
  Getting NRCS PREC stats for Summer Lake...
  Getting NRCS PREC stats for Summer Lake...
  Getting NRCS WTEQ stats for Summer Lake...
  Getting NRCS WTEQ stats for Summer Lake...
  Getting NRCS PREC stats for Alvord Lake...
  Getting NRCS PREC stats for Alvord Lake...
  Getting NRCS WTEQ stats for Alvord Lake...
  Getting NRCS WTEQ stats for Alvord Lake...
  Getting NRCS PREC stats for Nooksack...
  Getting NRCS PREC stats for Nooksack...
  Getting NRCS WTEQ stats for Nooksack...
  Getting NRCS WTEQ stats for Nooksack...
  Getting NRCS PREC stats for Snoqualmie...
  Getting NRCS PREC stats for Snoqualmie...
  Getting NRCS WTEQ stats for Snoqualmie...
  Getting NRCS WTEQ stats for Snoqualmie...
  Getting NRCS PREC stats for Lake Washington...
  Getting NRCS PREC stats for Lake Washington...
  Getting NRCS WTEQ stats for Lake Washington...
  Getting NRCS WTEQ stats for Lake Washington...
  Getting NRCS PREC stats for Duwamish...
  Getting NRCS PREC stats for Duwamish...
  Getting NRCS WTEQ stats for Duwamish...
  Getting NRCS WTEQ stats for Duwamish...
  Getting NRCS PREC stats for Puyallup...
  Getting NRCS PREC stats for Puyallup...
  Getting NRCS WTEQ stats for Puyallup...
  Getting NRCS WTEQ stats for Puyallup...
  Getting NRCS PREC stats for Nisqually...
  Getting NRCS PREC stats for Nisqually...
  Getting NRCS WTEQ stats for Nisqually...
  Getting NRCS WTEQ stats for Nisqually...
  Getting NRCS PREC stats for Hood Canal...
  Getting NRCS PREC stats for Hood Canal...
  Getting NRCS WTEQ stats for Hood Canal...
  Getting NRCS WTEQ stats for Hood Canal...
  Getting NRCS PREC stats for Dungeness-Elwha...
  Getting NRCS PREC stats for Dungeness-Elwha...
  Getting NRCS WTEQ stats for Dungeness-Elwha...
  Getting NRCS WTEQ stats for Dungeness-Elwha...
  Getting NRCS PREC stats for Upper Coeur d'Alene...
  Getting NRCS PREC stats for Upper Coeur d'Alene...
      Skipping Upper Coeur d'Alene PREC, NRCS does not publish stats.
      Skipping Upper Coeur d'Alene PREC, NRCS does not publish stats.
  Getting NRCS WTEQ stats for Upper Coeur d'Alene...
  Getting NRCS WTEQ stats for Upper Coeur d'Alene...
      Skipping Upper Coeur d'Alene WTEQ, NRCS does not publish stats.
      Skipping Upper Coeur d'Alene WTEQ, NRCS does not publish stats.
  Getting NRCS PREC stats for South Fork Coeur d'Alene...
  Getting NRCS PREC stats for South Fork Coeur d'Alene...
      Skipping South Fork Coeur d'Alene PREC, NRCS does not publish stats.
      Skipping South Fork Coeur d'Alene PREC, NRCS does not publish stats.
  Getting NRCS WTEQ stats for South Fork Coeur d'Alene...
  Getting NRCS WTEQ stats for South Fork Coeur d'Alene...
      Skipping South Fork Coeur d'Alene WTEQ, NRCS does not publish stats.
      Skipping South Fork Coeur d'Alene WTEQ, NRCS does not publish stats.
  Getting NRCS PREC stats for St. Joe...
  Getting NRCS PREC stats for St. Joe...
  Getting NRCS WTEQ stats for St. Joe...
  Getting NRCS WTEQ stats for St. Joe...
  Getting NRCS PREC stats for Palisades...
  Getting NRCS PREC stats for Palisades...
  Getting NRCS WTEQ stats for Palisades...
  Getting NRCS WTEQ stats for Palisades...
  Getting NRCS PREC stats for Upper Henrys...
  Getting NRCS PREC stats for Upper Henrys...
  Getting NRCS WTEQ stats for Upper Henrys...
  Getting NRCS WTEQ stats for Upper Henrys...
  Getting NRCS PREC stats for Lower Henrys...
  Getting NRCS PREC stats for Lower Henrys...
  Getting NRCS WTEQ stats for Lower Henrys...
  Getting NRCS WTEQ stats for Lower Henrys...
  Getting NRCS PREC stats for Willow...
  Getting NRCS PREC stats for Willow...
  Getting NRCS WTEQ stats for Willow...
  Getting NRCS WTEQ stats for Willow...
  Getting NRCS PREC stats for American Falls...
  Getting NRCS PREC stats for American Falls...
  Getting NRCS WTEQ stats for American Falls...
  Getting NRCS WTEQ stats for American Falls...
  Getting NRCS PREC stats for Blackfoot...
  Getting NRCS PREC stats for Blackfoot...
  Getting NRCS WTEQ stats for Blackfoot...
  Getting NRCS WTEQ stats for Blackfoot...
  Getting NRCS PREC stats for Portneuf...
  Getting NRCS PREC stats for Portneuf...
  Getting NRCS WTEQ stats for Portneuf...
  Getting NRCS WTEQ stats for Portneuf...
  Getting NRCS PREC stats for Lake Walcott...
  Getting NRCS PREC stats for Lake Walcott...
  Getting NRCS WTEQ stats for Lake Walcott...
  Getting NRCS WTEQ stats for Lake Walcott...
  Getting NRCS PREC stats for Upper Snake-Rock...
  Getting NRCS PREC stats for Upper Snake-Rock...
  Getting NRCS WTEQ stats for Upper Snake-Rock...
  Getting NRCS WTEQ stats for Upper Snake-Rock...
  Getting NRCS PREC stats for Beaver-Camas...
  Getting NRCS PREC stats for Beaver-Camas...
  Getting NRCS WTEQ stats for Beaver-Camas...
  Getting NRCS WTEQ stats for Beaver-Camas...
  Getting NRCS PREC stats for Birch...
  Getting NRCS PREC stats for Birch...
  Getting NRCS WTEQ stats for Birch...
  Getting NRCS WTEQ stats for Birch...
  Getting NRCS PREC stats for Little Lost...
  Getting NRCS PREC stats for Little Lost...
  Getting NRCS WTEQ stats for Little Lost...
  Getting NRCS WTEQ stats for Little Lost...
  Getting NRCS PREC stats for Big Lost...
  Getting NRCS PREC stats for Big Lost...
  Getting NRCS WTEQ stats for Big Lost...
  Getting NRCS WTEQ stats for Big Lost...
  Getting NRCS PREC stats for Big Wood...
  Getting NRCS PREC stats for Big Wood...
  Getting NRCS WTEQ stats for Big Wood...
  Getting NRCS WTEQ stats for Big Wood...
  Getting NRCS PREC stats for Camas...
  Getting NRCS PREC stats for Camas...
  Getting NRCS WTEQ stats for Camas...
  Getting NRCS WTEQ stats for Camas...
  Getting NRCS PREC stats for Little Wood...
  Getting NRCS PREC stats for Little Wood...
  Getting NRCS WTEQ stats for Little Wood...
  Getting NRCS WTEQ stats for Little Wood...
  Getting NRCS PREC stats for C.J. Strike Reservoir...
  Getting NRCS PREC stats for C.J. Strike Reservoir...
  Getting NRCS PREC stats for North and Middle Forks Boise...
  Getting NRCS PREC stats for North and Middle Forks Boise...
  Getting NRCS WTEQ stats for North and Middle Forks Boise...
  Getting NRCS WTEQ stats for North and Middle Forks Boise...
  Getting NRCS PREC stats for Boise-Mores...
  Getting NRCS PREC stats for Boise-Mores...
  Getting NRCS WTEQ stats for Boise-Mores...
  Getting NRCS WTEQ stats for Boise-Mores...
  Getting NRCS PREC stats for South Fork Boise...
  Getting NRCS PREC stats for South Fork Boise...
  Getting NRCS WTEQ stats for South Fork Boise...
  Getting NRCS WTEQ stats for South Fork Boise...
  Getting NRCS PREC stats for Lower Boise...
  Getting NRCS PREC stats for Lower Boise...
  Getting NRCS WTEQ stats for Lower Boise...
  Getting NRCS WTEQ stats for Lower Boise...
  Getting NRCS PREC stats for South Fork Payette...
  Getting NRCS PREC stats for South Fork Payette...
  Getting NRCS WTEQ stats for South Fork Payette...
  Getting NRCS WTEQ stats for South Fork Payette...
  Getting NRCS PREC stats for Payette...
  Getting NRCS PREC stats for Payette...
  Getting NRCS WTEQ stats for Payette...
  Getting NRCS WTEQ stats for Payette...
  Getting NRCS PREC stats for North Fork Payette...
  Getting NRCS PREC stats for North Fork Payette...
  Getting NRCS WTEQ stats for North Fork Payette...
  Getting NRCS WTEQ stats for North Fork Payette...
  Getting NRCS PREC stats for Weiser...
  Getting NRCS PREC stats for Weiser...
  Getting NRCS WTEQ stats for Weiser...
  Getting NRCS WTEQ stats for Weiser...
  Getting NRCS PREC stats for Upper Salmon...
  Getting NRCS PREC stats for Upper Salmon...
  Getting NRCS WTEQ stats for Upper Salmon...
  Getting NRCS WTEQ stats for Upper Salmon...
  Getting NRCS PREC stats for Pahsimeroi...
  Getting NRCS PREC stats for Pahsimeroi...
  Getting NRCS WTEQ stats for Pahsimeroi...
  Getting NRCS WTEQ stats for Pahsimeroi...
  Getting NRCS PREC stats for Middle Salmon-Panther...
  Getting NRCS PREC stats for Middle Salmon-Panther...
  Getting NRCS WTEQ stats for Middle Salmon-Panther...
  Getting NRCS WTEQ stats for Middle Salmon-Panther...
  Getting NRCS PREC stats for Lemhi...
  Getting NRCS PREC stats for Lemhi...
  Getting NRCS WTEQ stats for Lemhi...
  Getting NRCS WTEQ stats for Lemhi...
  Getting NRCS PREC stats for Upper Middle Fork Salmon...
  Getting NRCS PREC stats for Upper Middle Fork Salmon...
  Getting NRCS WTEQ stats for Upper Middle Fork Salmon...
  Getting NRCS WTEQ stats for Upper Middle Fork Salmon...
  Getting NRCS PREC stats for Lower Middle Fork Salmon...
  Getting NRCS PREC stats for Lower Middle Fork Salmon...
  Getting NRCS WTEQ stats for Lower Middle Fork Salmon...
  Getting NRCS WTEQ stats for Lower Middle Fork Salmon...
  Getting NRCS PREC stats for Middle Salmon-Chamberlain...
  Getting NRCS PREC stats for Middle Salmon-Chamberlain...
  Getting NRCS WTEQ stats for Middle Salmon-Chamberlain...
  Getting NRCS WTEQ stats for Middle Salmon-Chamberlain...
  Getting NRCS PREC stats for South Fork Salmon...
  Getting NRCS PREC stats for South Fork Salmon...
  Getting NRCS WTEQ stats for South Fork Salmon...
  Getting NRCS WTEQ stats for South Fork Salmon...
  Getting NRCS PREC stats for Lower Salmon...
  Getting NRCS PREC stats for Lower Salmon...
  Getting NRCS WTEQ stats for Lower Salmon...
  Getting NRCS WTEQ stats for Lower Salmon...
  Getting NRCS PREC stats for Little Salmon...
  Getting NRCS PREC stats for Little Salmon...
  Getting NRCS WTEQ stats for Little Salmon...
  Getting NRCS WTEQ stats for Little Salmon...
  Getting NRCS PREC stats for Lower Selway...
  Getting NRCS PREC stats for Lower Selway...
  Getting NRCS WTEQ stats for Lower Selway...
  Getting NRCS WTEQ stats for Lower Selway...
  Getting NRCS PREC stats for Lochsa...
  Getting NRCS PREC stats for Lochsa...
  Getting NRCS WTEQ stats for Lochsa...
  Getting NRCS WTEQ stats for Lochsa...
  Getting NRCS PREC stats for South Fork Clearwater...
  Getting NRCS PREC stats for South Fork Clearwater...
  Getting NRCS WTEQ stats for South Fork Clearwater...
  Getting NRCS WTEQ stats for South Fork Clearwater...
  Getting NRCS PREC stats for Clearwater...
  Getting NRCS PREC stats for Clearwater...
  Getting NRCS WTEQ stats for Clearwater...
  Getting NRCS WTEQ stats for Clearwater...
  Getting NRCS PREC stats for Upper North Fork Clearwater...
  Getting NRCS PREC stats for Upper North Fork Clearwater...
  Getting NRCS WTEQ stats for Upper North Fork Clearwater...
  Getting NRCS WTEQ stats for Upper North Fork Clearwater...
  Getting NRCS PREC stats for Lower North Fork Clearwater...
  Getting NRCS PREC stats for Lower North Fork Clearwater...
  Getting NRCS WTEQ stats for Lower North Fork Clearwater...
  Getting NRCS WTEQ stats for Lower North Fork Clearwater...
  Getting NRCS PREC stats for Lower Kootenai...
  Getting NRCS PREC stats for Lower Kootenai...
  Getting NRCS WTEQ stats for Lower Kootenai...
  Getting NRCS WTEQ stats for Lower Kootenai...
  Getting NRCS PREC stats for Moyie...
  Getting NRCS PREC stats for Moyie...
  Getting NRCS WTEQ stats for Moyie...
  Getting NRCS WTEQ stats for Moyie...
  Getting NRCS PREC stats for Goose...
  Getting NRCS PREC stats for Goose...
  Getting NRCS WTEQ stats for Goose...
  Getting NRCS WTEQ stats for Goose...
  Getting NRCS PREC stats for Middle Snake-Succor...
  Getting NRCS PREC stats for Middle Snake-Succor...
  Getting NRCS WTEQ stats for Middle Snake-Succor...
  Getting NRCS WTEQ stats for Middle Snake-Succor...
  Getting NRCS PREC stats for Middle Owyhee...
  Getting NRCS PREC stats for Middle Owyhee...
  Getting NRCS WTEQ stats for Middle Owyhee...
  Getting NRCS WTEQ stats for Middle Owyhee...
  Getting NRCS PREC stats for Jordan...
  Getting NRCS PREC stats for Jordan...
  Getting NRCS WTEQ stats for Jordan...
  Getting NRCS WTEQ stats for Jordan...
  Getting NRCS PREC stats for Pend Oreille Lake...
  Getting NRCS PREC stats for Pend Oreille Lake...
  Getting NRCS WTEQ stats for Pend Oreille Lake...
  Getting NRCS WTEQ stats for Pend Oreille Lake...
  Getting NRCS PREC stats for Priest...
  Getting NRCS PREC stats for Priest...
  Getting NRCS WTEQ stats for Priest...
  Getting NRCS WTEQ stats for Priest...
  Getting NRCS PREC stats for Salt...
  Getting NRCS PREC stats for Salt...
  Getting NRCS PREC stats for Teton...
  Getting NRCS PREC stats for Teton...
  Getting NRCS WTEQ stats for Teton...
  Getting NRCS WTEQ stats for Teton...
  Getting NRCS PREC stats for Upper Clark Fork...
  Getting NRCS PREC stats for Upper Clark Fork...
  Getting NRCS WTEQ stats for Upper Clark Fork...
  Getting NRCS WTEQ stats for Upper Clark Fork...
  Getting NRCS PREC stats for Flint-Rock...
  Getting NRCS PREC stats for Flint-Rock...
  Getting NRCS WTEQ stats for Flint-Rock...
  Getting NRCS WTEQ stats for Flint-Rock...
  Getting NRCS PREC stats for Blackfoot...
  Getting NRCS PREC stats for Blackfoot...
  Getting NRCS WTEQ stats for Blackfoot...
  Getting NRCS WTEQ stats for Blackfoot...
  Getting NRCS PREC stats for Middle Clark Fork...
  Getting NRCS PREC stats for Middle Clark Fork...
  Getting NRCS WTEQ stats for Middle Clark Fork...
  Getting NRCS WTEQ stats for Middle Clark Fork...
  Getting NRCS PREC stats for Bitterroot...
  Getting NRCS PREC stats for Bitterroot...
  Getting NRCS WTEQ stats for Bitterroot...
  Getting NRCS WTEQ stats for Bitterroot...
  Getting NRCS PREC stats for Middle Fork Flathead...
  Getting NRCS PREC stats for Middle Fork Flathead...
  Getting NRCS WTEQ stats for Middle Fork Flathead...
  Getting NRCS WTEQ stats for Middle Fork Flathead...
  Getting NRCS PREC stats for Flathead Lake...
  Getting NRCS PREC stats for Flathead Lake...
  Getting NRCS WTEQ stats for Flathead Lake...
  Getting NRCS WTEQ stats for Flathead Lake...
  Getting NRCS PREC stats for South Fork Flathead...
  Getting NRCS PREC stats for South Fork Flathead...
  Getting NRCS WTEQ stats for South Fork Flathead...
  Getting NRCS WTEQ stats for South Fork Flathead...
  Getting NRCS PREC stats for Stillwater...
  Getting NRCS PREC stats for Stillwater...
  Getting NRCS WTEQ stats for Stillwater...
  Getting NRCS WTEQ stats for Stillwater...
  Getting NRCS PREC stats for Swan...
  Getting NRCS PREC stats for Swan...
  Getting NRCS WTEQ stats for Swan...
  Getting NRCS WTEQ stats for Swan...
  Getting NRCS PREC stats for Lower Flathead...
  Getting NRCS PREC stats for Lower Flathead...
  Getting NRCS WTEQ stats for Lower Flathead...
  Getting NRCS WTEQ stats for Lower Flathead...
  Getting NRCS PREC stats for Yaak...
  Getting NRCS PREC stats for Yaak...
  Getting NRCS WTEQ stats for Yaak...
  Getting NRCS WTEQ stats for Yaak...
  Getting NRCS PREC stats for Lower Clark Fork...
  Getting NRCS PREC stats for Lower Clark Fork...
  Getting NRCS WTEQ stats for Lower Clark Fork...
  Getting NRCS WTEQ stats for Lower Clark Fork...
  Getting NRCS PREC stats for Middle Kootenai...
  Getting NRCS PREC stats for Middle Kootenai...
  Getting NRCS WTEQ stats for Middle Kootenai...
  Getting NRCS WTEQ stats for Middle Kootenai...
  Getting NRCS PREC stats for Bruneau...
  Getting NRCS PREC stats for Bruneau...
  Getting NRCS WTEQ stats for Bruneau...
  Getting NRCS WTEQ stats for Bruneau...
  Getting NRCS PREC stats for Upper Owyhee...
  Getting NRCS PREC stats for Upper Owyhee...
  Getting NRCS WTEQ stats for Upper Owyhee...
  Getting NRCS WTEQ stats for Upper Owyhee...
  Getting NRCS PREC stats for South Fork Owyhee...
  Getting NRCS PREC stats for South Fork Owyhee...
  Getting NRCS WTEQ stats for South Fork Owyhee...
  Getting NRCS WTEQ stats for South Fork Owyhee...
  Getting NRCS PREC stats for Upper Malheur...
  Getting NRCS PREC stats for Upper Malheur...
  Getting NRCS WTEQ stats for Upper Malheur...
  Getting NRCS WTEQ stats for Upper Malheur...
  Getting NRCS PREC stats for Willow...
  Getting NRCS PREC stats for Willow...
  Getting NRCS WTEQ stats for Willow...
  Getting NRCS WTEQ stats for Willow...
  Getting NRCS PREC stats for Burnt...
  Getting NRCS PREC stats for Burnt...
  Getting NRCS WTEQ stats for Burnt...
  Getting NRCS WTEQ stats for Burnt...
  Getting NRCS PREC stats for Powder...
  Getting NRCS PREC stats for Powder...
  Getting NRCS WTEQ stats for Powder...
  Getting NRCS WTEQ stats for Powder...
  Getting NRCS PREC stats for Upper Grande Ronde...
  Getting NRCS PREC stats for Upper Grande Ronde...
  Getting NRCS WTEQ stats for Upper Grande Ronde...
  Getting NRCS WTEQ stats for Upper Grande Ronde...
  Getting NRCS PREC stats for Wallowa...
  Getting NRCS PREC stats for Wallowa...
  Getting NRCS WTEQ stats for Wallowa...
  Getting NRCS WTEQ stats for Wallowa...
  Getting NRCS PREC stats for Umatilla...
  Getting NRCS PREC stats for Umatilla...
  Getting NRCS WTEQ stats for Umatilla...
  Getting NRCS WTEQ stats for Umatilla...
  Getting NRCS PREC stats for Willow...
  Getting NRCS PREC stats for Willow...
  Getting NRCS WTEQ stats for Willow...
  Getting NRCS WTEQ stats for Willow...
  Getting NRCS PREC stats for North Fork John Day...
  Getting NRCS PREC stats for North Fork John Day...
  Getting NRCS WTEQ stats for North Fork John Day...
  Getting NRCS WTEQ stats for North Fork John Day...
  Getting NRCS PREC stats for Lower John Day...
  Getting NRCS PREC stats for Lower John Day...
  Getting NRCS WTEQ stats for Lower John Day...
  Getting NRCS WTEQ stats for Lower John Day...
  Getting NRCS PREC stats for Upper Deschutes...
  Getting NRCS PREC stats for Upper Deschutes...
  Getting NRCS WTEQ stats for Upper Deschutes...
  Getting NRCS WTEQ stats for Upper Deschutes...
  Getting NRCS PREC stats for Little Deschutes...
  Getting NRCS PREC stats for Little Deschutes...
  Getting NRCS WTEQ stats for Little Deschutes...
  Getting NRCS WTEQ stats for Little Deschutes...
  Getting NRCS PREC stats for Upper Crooked...
  Getting NRCS PREC stats for Upper Crooked...
  Getting NRCS WTEQ stats for Upper Crooked...
  Getting NRCS WTEQ stats for Upper Crooked...
  Getting NRCS PREC stats for Lower Crooked...
  Getting NRCS PREC stats for Lower Crooked...
  Getting NRCS WTEQ stats for Lower Crooked...
  Getting NRCS WTEQ stats for Lower Crooked...
  Getting NRCS PREC stats for Lower Deschutes...
  Getting NRCS PREC stats for Lower Deschutes...
  Getting NRCS WTEQ stats for Lower Deschutes...
  Getting NRCS WTEQ stats for Lower Deschutes...
  Getting NRCS PREC stats for Middle Fork Willamette...
  Getting NRCS PREC stats for Middle Fork Willamette...
  Getting NRCS WTEQ stats for Middle Fork Willamette...
  Getting NRCS WTEQ stats for Middle Fork Willamette...
  Getting NRCS PREC stats for Coast Fork Willamette...
  Getting NRCS PREC stats for Coast Fork Willamette...
  Getting NRCS WTEQ stats for Coast Fork Willamette...
  Getting NRCS WTEQ stats for Coast Fork Willamette...
  Getting NRCS PREC stats for Mckenzie...
  Getting NRCS PREC stats for Mckenzie...
  Getting NRCS WTEQ stats for Mckenzie...
  Getting NRCS WTEQ stats for Mckenzie...
  Getting NRCS PREC stats for North Santiam...
  Getting NRCS PREC stats for North Santiam...
  Getting NRCS WTEQ stats for North Santiam...
  Getting NRCS WTEQ stats for North Santiam...
  Getting NRCS PREC stats for South Santiam...
  Getting NRCS PREC stats for South Santiam...
  Getting NRCS WTEQ stats for South Santiam...
  Getting NRCS WTEQ stats for South Santiam...
  Getting NRCS PREC stats for Clackamas...
  Getting NRCS PREC stats for Clackamas...
  Getting NRCS WTEQ stats for Clackamas...
  Getting NRCS WTEQ stats for Clackamas...
  Getting NRCS PREC stats for Brownlee Reservoir...
  Getting NRCS PREC stats for Brownlee Reservoir...
  Getting NRCS WTEQ stats for Brownlee Reservoir...
  Getting NRCS WTEQ stats for Brownlee Reservoir...
  Getting NRCS PREC stats for Lower Snake-Asotin...
  Getting NRCS PREC stats for Lower Snake-Asotin...
  Getting NRCS WTEQ stats for Lower Snake-Asotin...
  Getting NRCS WTEQ stats for Lower Snake-Asotin...
  Getting NRCS PREC stats for Walla Walla...
  Getting NRCS PREC stats for Walla Walla...
  Getting NRCS WTEQ stats for Walla Walla...
  Getting NRCS WTEQ stats for Walla Walla...
  Getting NRCS PREC stats for Middle Columbia-Hood...
  Getting NRCS PREC stats for Middle Columbia-Hood...
  Getting NRCS WTEQ stats for Middle Columbia-Hood...
  Getting NRCS WTEQ stats for Middle Columbia-Hood...
  Getting NRCS PREC stats for Lower Columbia-Sandy...
  Getting NRCS PREC stats for Lower Columbia-Sandy...
  Getting NRCS WTEQ stats for Lower Columbia-Sandy...
  Getting NRCS WTEQ stats for Lower Columbia-Sandy...
  Getting NRCS PREC stats for Raft...
  Getting NRCS PREC stats for Raft...
  Getting NRCS WTEQ stats for Raft...
  Getting NRCS WTEQ stats for Raft...
  Getting NRCS PREC stats for Little Spokane...
  Getting NRCS PREC stats for Little Spokane...
  Getting NRCS WTEQ stats for Little Spokane...
  Getting NRCS WTEQ stats for Little Spokane...
  Getting NRCS PREC stats for Lake Chelan...
  Getting NRCS PREC stats for Lake Chelan...
  Getting NRCS WTEQ stats for Lake Chelan...
  Getting NRCS WTEQ stats for Lake Chelan...
  Getting NRCS PREC stats for Upper Columbia-Entiat...
  Getting NRCS PREC stats for Upper Columbia-Entiat...
  Getting NRCS WTEQ stats for Upper Columbia-Entiat...
  Getting NRCS WTEQ stats for Upper Columbia-Entiat...
  Getting NRCS PREC stats for Wenatchee...
  Getting NRCS PREC stats for Wenatchee...
  Getting NRCS WTEQ stats for Wenatchee...
  Getting NRCS WTEQ stats for Wenatchee...
  Getting NRCS PREC stats for Lower Crab...
  Getting NRCS PREC stats for Lower Crab...
  Getting NRCS PREC stats for Upper Yakima...
  Getting NRCS PREC stats for Upper Yakima...
  Getting NRCS WTEQ stats for Upper Yakima...
  Getting NRCS WTEQ stats for Upper Yakima...
  Getting NRCS PREC stats for Naches...
  Getting NRCS PREC stats for Naches...
  Getting NRCS WTEQ stats for Naches...
  Getting NRCS WTEQ stats for Naches...
  Getting NRCS PREC stats for Lower Yakima...
  Getting NRCS PREC stats for Lower Yakima...
  Getting NRCS WTEQ stats for Lower Yakima...
  Getting NRCS WTEQ stats for Lower Yakima...
  Getting NRCS PREC stats for Klickitat...
  Getting NRCS PREC stats for Klickitat...
  Getting NRCS WTEQ stats for Klickitat...
  Getting NRCS WTEQ stats for Klickitat...
  Getting NRCS PREC stats for Lewis...
  Getting NRCS PREC stats for Lewis...
  Getting NRCS WTEQ stats for Lewis...
  Getting NRCS WTEQ stats for Lewis...
  Getting NRCS PREC stats for Upper Cowlitz...
  Getting NRCS PREC stats for Upper Cowlitz...
  Getting NRCS WTEQ stats for Upper Cowlitz...
  Getting NRCS WTEQ stats for Upper Cowlitz...
  Getting NRCS PREC stats for Lower Cowlitz...
  Getting NRCS PREC stats for Lower Cowlitz...
  Getting NRCS WTEQ stats for Lower Cowlitz...
  Getting NRCS WTEQ stats for Lower Cowlitz...
  Getting NRCS PREC stats for Franklin D. Roosevelt Lake...
  Getting NRCS PREC stats for Franklin D. Roosevelt Lake...
  Getting NRCS WTEQ stats for Franklin D. Roosevelt Lake...
  Getting NRCS WTEQ stats for Franklin D. Roosevelt Lake...
  Getting NRCS PREC stats for Kettle...
  Getting NRCS PREC stats for Kettle...
  Getting NRCS WTEQ stats for Kettle...
  Getting NRCS WTEQ stats for Kettle...
  Getting NRCS PREC stats for Okanogan...
  Getting NRCS PREC stats for Okanogan...
  Getting NRCS WTEQ stats for Okanogan...
  Getting NRCS WTEQ stats for Okanogan...
  Getting NRCS PREC stats for Pend Oreille...
  Getting NRCS PREC stats for Pend Oreille...
  Getting NRCS WTEQ stats for Pend Oreille...
  Getting NRCS WTEQ stats for Pend Oreille...
  Getting NRCS PREC stats for Upper Spokane...
  Getting NRCS PREC stats for Upper Spokane...
  Getting NRCS WTEQ stats for Upper Spokane...
  Getting NRCS WTEQ stats for Upper Spokane...
  Getting NRCS PREC stats for Palouse...
  Getting NRCS PREC stats for Palouse...
  Getting NRCS WTEQ stats for Palouse...
  Getting NRCS WTEQ stats for Palouse...
  Getting NRCS PREC stats for Rock...
  Getting NRCS PREC stats for Rock...
  Getting NRCS WTEQ stats for Rock...
  Getting NRCS WTEQ stats for Rock...
  Getting NRCS PREC stats for Snake Headwaters...
  Getting NRCS PREC stats for Snake Headwaters...
  Getting NRCS WTEQ stats for Snake Headwaters...
  Getting NRCS WTEQ stats for Snake Headwaters...
  Getting NRCS PREC stats for Gros Ventre...
  Getting NRCS PREC stats for Gros Ventre...
  Getting NRCS WTEQ stats for Gros Ventre...
  Getting NRCS WTEQ stats for Gros Ventre...
  Getting NRCS PREC stats for Yamhill...
  Getting NRCS PREC stats for Yamhill...
  Getting NRCS WTEQ stats for Yamhill...
  Getting NRCS WTEQ stats for Yamhill...
  Getting NRCS PREC stats for Tualatin...
  Getting NRCS PREC stats for Tualatin...
  Getting NRCS WTEQ stats for Tualatin...
  Getting NRCS WTEQ stats for Tualatin...
  Getting NRCS PREC stats for Upper Humboldt...
  Getting NRCS PREC stats for Upper Humboldt...
  Getting NRCS WTEQ stats for Upper Humboldt...
  Getting NRCS WTEQ stats for Upper Humboldt...
  Getting NRCS PREC stats for North Fork Humboldt...
  Getting NRCS PREC stats for North Fork Humboldt...
  Getting NRCS WTEQ stats for North Fork Humboldt...
  Getting NRCS WTEQ stats for North Fork Humboldt...
  Getting NRCS PREC stats for South Fork Humboldt...
  Getting NRCS PREC stats for South Fork Humboldt...
  Getting NRCS WTEQ stats for South Fork Humboldt...
  Getting NRCS WTEQ stats for South Fork Humboldt...
  Getting NRCS PREC stats for Middle Humboldt...
  Getting NRCS PREC stats for Middle Humboldt...
  Getting NRCS WTEQ stats for Middle Humboldt...
  Getting NRCS WTEQ stats for Middle Humboldt...
  Getting NRCS PREC stats for Rock...
  Getting NRCS PREC stats for Rock...
  Getting NRCS WTEQ stats for Rock...
  Getting NRCS WTEQ stats for Rock...
  Getting NRCS PREC stats for Reese...
  Getting NRCS PREC stats for Reese...
  Getting NRCS WTEQ stats for Reese...
  Getting NRCS WTEQ stats for Reese...
  Getting NRCS PREC stats for Lower Humboldt...
  Getting NRCS PREC stats for Lower Humboldt...
  Getting NRCS WTEQ stats for Lower Humboldt...
  Getting NRCS WTEQ stats for Lower Humboldt...
  Getting NRCS PREC stats for Little Humboldt...
  Getting NRCS PREC stats for Little Humboldt...
  Getting NRCS WTEQ stats for Little Humboldt...
  Getting NRCS WTEQ stats for Little Humboldt...
  Getting NRCS PREC stats for Lower Quinn...
  Getting NRCS PREC stats for Lower Quinn...
  Getting NRCS WTEQ stats for Lower Quinn...
  Getting NRCS WTEQ stats for Lower Quinn...
  Getting NRCS PREC stats for Gabbs Valley...
  Getting NRCS PREC stats for Gabbs Valley...
  Getting NRCS WTEQ stats for Gabbs Valley...
  Getting NRCS WTEQ stats for Gabbs Valley...
  Getting NRCS PREC stats for Northern Big Smoky Valley...
  Getting NRCS PREC stats for Northern Big Smoky Valley...
  Getting NRCS WTEQ stats for Northern Big Smoky Valley...
  Getting NRCS WTEQ stats for Northern Big Smoky Valley...
  Getting NRCS PREC stats for Diamond-Monitor Valleys...
  Getting NRCS PREC stats for Diamond-Monitor Valleys...
  Getting NRCS WTEQ stats for Diamond-Monitor Valleys...
  Getting NRCS WTEQ stats for Diamond-Monitor Valleys...
  Getting NRCS PREC stats for Little Smoky-Newark Valleys...
  Getting NRCS PREC stats for Little Smoky-Newark Valleys...
  Getting NRCS WTEQ stats for Little Smoky-Newark Valleys...
  Getting NRCS WTEQ stats for Little Smoky-Newark Valleys...
  Getting NRCS PREC stats for Long-Ruby Valleys...
  Getting NRCS PREC stats for Long-Ruby Valleys...
  Getting NRCS WTEQ stats for Long-Ruby Valleys...
  Getting NRCS WTEQ stats for Long-Ruby Valleys...
  Getting NRCS PREC stats for Spring-Steptoe Valleys...
  Getting NRCS PREC stats for Spring-Steptoe Valleys...
  Getting NRCS WTEQ stats for Spring-Steptoe Valleys...
  Getting NRCS WTEQ stats for Spring-Steptoe Valleys...
  Getting NRCS PREC stats for Hot Creek-Railroad Valleys...
  Getting NRCS PREC stats for Hot Creek-Railroad Valleys...
  Getting NRCS PREC stats for Upper Quinn...
  Getting NRCS PREC stats for Upper Quinn...
  Getting NRCS WTEQ stats for Upper Quinn...
  Getting NRCS WTEQ stats for Upper Quinn...
  Getting NRCS PREC stats for Thousand-Virgin...
  Getting NRCS PREC stats for Thousand-Virgin...
  Getting NRCS WTEQ stats for Thousand-Virgin...
  Getting NRCS WTEQ stats for Thousand-Virgin...
  Getting NRCS PREC stats for Hamlin-Snake Valleys...
  Getting NRCS PREC stats for Hamlin-Snake Valleys...
  Getting NRCS WTEQ stats for Hamlin-Snake Valleys...
  Getting NRCS WTEQ stats for Hamlin-Snake Valleys...
  Getting NRCS PREC stats for Lake Tahoe...
  Getting NRCS PREC stats for Lake Tahoe...
  Getting NRCS WTEQ stats for Lake Tahoe...
  Getting NRCS WTEQ stats for Lake Tahoe...
  Getting NRCS PREC stats for Upper Bear...
  Getting NRCS PREC stats for Upper Bear...
  Getting NRCS WTEQ stats for Upper Bear...
  Getting NRCS WTEQ stats for Upper Bear...
  Getting NRCS PREC stats for Upper Weber...
  Getting NRCS PREC stats for Upper Weber...
  Getting NRCS WTEQ stats for Upper Weber...
  Getting NRCS WTEQ stats for Upper Weber...
  Getting NRCS PREC stats for Lower Weber...
  Getting NRCS PREC stats for Lower Weber...
  Getting NRCS WTEQ stats for Lower Weber...
  Getting NRCS WTEQ stats for Lower Weber...
  Getting NRCS PREC stats for Utah Lake...
  Getting NRCS PREC stats for Utah Lake...
  Getting NRCS WTEQ stats for Utah Lake...
  Getting NRCS WTEQ stats for Utah Lake...
  Getting NRCS PREC stats for Provo...
  Getting NRCS PREC stats for Provo...
  Getting NRCS WTEQ stats for Provo...
  Getting NRCS WTEQ stats for Provo...
  Getting NRCS PREC stats for Jordan...
  Getting NRCS PREC stats for Jordan...
  Getting NRCS WTEQ stats for Jordan...
  Getting NRCS WTEQ stats for Jordan...
  Getting NRCS PREC stats for Spanish Fork...
  Getting NRCS PREC stats for Spanish Fork...
  Getting NRCS WTEQ stats for Spanish Fork...
  Getting NRCS WTEQ stats for Spanish Fork...
  Getting NRCS PREC stats for Truckee...
  Getting NRCS PREC stats for Truckee...
  Getting NRCS WTEQ stats for Truckee...
  Getting NRCS WTEQ stats for Truckee...
  Getting NRCS PREC stats for Upper Carson...
  Getting NRCS PREC stats for Upper Carson...
  Getting NRCS WTEQ stats for Upper Carson...
  Getting NRCS WTEQ stats for Upper Carson...
  Getting NRCS PREC stats for East Walker...
  Getting NRCS PREC stats for East Walker...
  Getting NRCS WTEQ stats for East Walker...
  Getting NRCS WTEQ stats for East Walker...
  Getting NRCS PREC stats for West Walker...
  Getting NRCS PREC stats for West Walker...
  Getting NRCS WTEQ stats for West Walker...
  Getting NRCS WTEQ stats for West Walker...
  Getting NRCS PREC stats for Ivanpah-Pahrump Valleys...
  Getting NRCS PREC stats for Ivanpah-Pahrump Valleys...
  Getting NRCS PREC stats for Pine Valley...
  Getting NRCS PREC stats for Pine Valley...
  Getting NRCS PREC stats for Tule Valley...
  Getting NRCS PREC stats for Tule Valley...
  Getting NRCS PREC stats for Rush-Tooele Valleys...
  Getting NRCS PREC stats for Rush-Tooele Valleys...
  Getting NRCS WTEQ stats for Rush-Tooele Valleys...
  Getting NRCS WTEQ stats for Rush-Tooele Valleys...
  Getting NRCS PREC stats for Skull Valley...
  Getting NRCS PREC stats for Skull Valley...
  Getting NRCS WTEQ stats for Skull Valley...
  Getting NRCS WTEQ stats for Skull Valley...
  Getting NRCS PREC stats for Upper Sevier...
  Getting NRCS PREC stats for Upper Sevier...
  Getting NRCS WTEQ stats for Upper Sevier...
  Getting NRCS WTEQ stats for Upper Sevier...
  Getting NRCS PREC stats for East Fork Sevier...
  Getting NRCS PREC stats for East Fork Sevier...
  Getting NRCS WTEQ stats for East Fork Sevier...
  Getting NRCS WTEQ stats for East Fork Sevier...
  Getting NRCS PREC stats for Middle Sevier...
  Getting NRCS PREC stats for Middle Sevier...
  Getting NRCS WTEQ stats for Middle Sevier...
  Getting NRCS WTEQ stats for Middle Sevier...
  Getting NRCS PREC stats for San Pitch...
  Getting NRCS PREC stats for San Pitch...
  Getting NRCS WTEQ stats for San Pitch...
  Getting NRCS WTEQ stats for San Pitch...
  Getting NRCS PREC stats for Lower Sevier...
  Getting NRCS PREC stats for Lower Sevier...
  Getting NRCS WTEQ stats for Lower Sevier...
  Getting NRCS WTEQ stats for Lower Sevier...
  Getting NRCS PREC stats for Beaver Bottoms-Upper Beaver...
  Getting NRCS PREC stats for Beaver Bottoms-Upper Beaver...
  Getting NRCS WTEQ stats for Beaver Bottoms-Upper Beaver...
  Getting NRCS WTEQ stats for Beaver Bottoms-Upper Beaver...
  Getting NRCS PREC stats for Lower Bear-Malad...
  Getting NRCS PREC stats for Lower Bear-Malad...
  Getting NRCS WTEQ stats for Lower Bear-Malad...
  Getting NRCS WTEQ stats for Lower Bear-Malad...
  Getting NRCS PREC stats for Curlew Valley...
  Getting NRCS PREC stats for Curlew Valley...
  Getting NRCS PREC stats for Southern Great Salt Lake Desert...
  Getting NRCS PREC stats for Southern Great Salt Lake Desert...
  Getting NRCS WTEQ stats for Southern Great Salt Lake Desert...
  Getting NRCS WTEQ stats for Southern Great Salt Lake Desert...
  Getting NRCS PREC stats for Northern Great Salt Lake Desert...
  Getting NRCS PREC stats for Northern Great Salt Lake Desert...
  Getting NRCS PREC stats for Escalante Desert...
  Getting NRCS PREC stats for Escalante Desert...
  Getting NRCS WTEQ stats for Escalante Desert...
  Getting NRCS WTEQ stats for Escalante Desert...
  Getting NRCS PREC stats for Bear Lake...
  Getting NRCS PREC stats for Bear Lake...
  Getting NRCS WTEQ stats for Bear Lake...
  Getting NRCS WTEQ stats for Bear Lake...
  Getting NRCS PREC stats for Middle Bear...
  Getting NRCS PREC stats for Middle Bear...
  Getting NRCS WTEQ stats for Middle Bear...
  Getting NRCS WTEQ stats for Middle Bear...
  Getting NRCS PREC stats for Little Bear-Logan...
  Getting NRCS PREC stats for Little Bear-Logan...
  Getting NRCS WTEQ stats for Little Bear-Logan...
  Getting NRCS WTEQ stats for Little Bear-Logan...
  Getting NRCS PREC stats for Central Bear...
  Getting NRCS PREC stats for Central Bear...
  Getting NRCS WTEQ stats for Central Bear...
  Getting NRCS WTEQ stats for Central Bear...
  Getting NRCS PREC stats for Upper Gila...
  Getting NRCS PREC stats for Upper Gila...
  Getting NRCS WTEQ stats for Upper Gila...
  Getting NRCS WTEQ stats for Upper Gila...
  Getting NRCS PREC stats for Upper Gila-Mangas...
  Getting NRCS PREC stats for Upper Gila-Mangas...
  Getting NRCS WTEQ stats for Upper Gila-Mangas...
  Getting NRCS WTEQ stats for Upper Gila-Mangas...
  Getting NRCS PREC stats for White...
  Getting NRCS PREC stats for White...
  Getting NRCS WTEQ stats for White...
  Getting NRCS WTEQ stats for White...
  Getting NRCS PREC stats for Las Vegas Wash...
  Getting NRCS PREC stats for Las Vegas Wash...
  Getting NRCS WTEQ stats for Las Vegas Wash...
  Getting NRCS WTEQ stats for Las Vegas Wash...
  Getting NRCS PREC stats for Lower Virgin...
  Getting NRCS PREC stats for Lower Virgin...
  Getting NRCS WTEQ stats for Lower Virgin...
  Getting NRCS WTEQ stats for Lower Virgin...
  Getting NRCS PREC stats for Havasu Canyon...
  Getting NRCS PREC stats for Havasu Canyon...
  Getting NRCS WTEQ stats for Havasu Canyon...
  Getting NRCS WTEQ stats for Havasu Canyon...
  Getting NRCS PREC stats for Red Lake...
  Getting NRCS PREC stats for Red Lake...
  Getting NRCS WTEQ stats for Red Lake...
  Getting NRCS WTEQ stats for Red Lake...
  Getting NRCS PREC stats for Little Colorado Headwaters...
  Getting NRCS PREC stats for Little Colorado Headwaters...
  Getting NRCS WTEQ stats for Little Colorado Headwaters...
  Getting NRCS WTEQ stats for Little Colorado Headwaters...
  Getting NRCS PREC stats for Middle Little Colorado...
  Getting NRCS PREC stats for Middle Little Colorado...
  Getting NRCS WTEQ stats for Middle Little Colorado...
  Getting NRCS WTEQ stats for Middle Little Colorado...
  Getting NRCS PREC stats for Chevelon Canyon...
  Getting NRCS PREC stats for Chevelon Canyon...
  Getting NRCS WTEQ stats for Chevelon Canyon...
  Getting NRCS WTEQ stats for Chevelon Canyon...
  Getting NRCS PREC stats for Canyon Diablo...
  Getting NRCS PREC stats for Canyon Diablo...
  Getting NRCS WTEQ stats for Canyon Diablo...
  Getting NRCS WTEQ stats for Canyon Diablo...
  Getting NRCS PREC stats for Lower Little Colorado...
  Getting NRCS PREC stats for Lower Little Colorado...
  Getting NRCS WTEQ stats for Lower Little Colorado...
  Getting NRCS WTEQ stats for Lower Little Colorado...
  Getting NRCS PREC stats for Big Sandy...
  Getting NRCS PREC stats for Big Sandy...
  Getting NRCS WTEQ stats for Big Sandy...
  Getting NRCS WTEQ stats for Big Sandy...
  Getting NRCS PREC stats for Black...
  Getting NRCS PREC stats for Black...
  Getting NRCS WTEQ stats for Black...
  Getting NRCS WTEQ stats for Black...
  Getting NRCS PREC stats for White...
  Getting NRCS PREC stats for White...
  Getting NRCS WTEQ stats for White...
  Getting NRCS WTEQ stats for White...
  Getting NRCS PREC stats for Upper Salt...
  Getting NRCS PREC stats for Upper Salt...
  Getting NRCS WTEQ stats for Upper Salt...
  Getting NRCS WTEQ stats for Upper Salt...
  Getting NRCS PREC stats for Tonto...
  Getting NRCS PREC stats for Tonto...
  Getting NRCS WTEQ stats for Tonto...
  Getting NRCS WTEQ stats for Tonto...
  Getting NRCS PREC stats for Upper Verde...
  Getting NRCS PREC stats for Upper Verde...
  Getting NRCS WTEQ stats for Upper Verde...
  Getting NRCS WTEQ stats for Upper Verde...
  Getting NRCS PREC stats for Upper San Pedro...
  Getting NRCS PREC stats for Upper San Pedro...
  Getting NRCS PREC stats for San Francisco...
  Getting NRCS PREC stats for San Francisco...
  Getting NRCS WTEQ stats for San Francisco...
  Getting NRCS WTEQ stats for San Francisco...
  Getting NRCS PREC stats for Upper Virgin...
  Getting NRCS PREC stats for Upper Virgin...
  Getting NRCS WTEQ stats for Upper Virgin...
  Getting NRCS WTEQ stats for Upper Virgin...
  Getting NRCS PREC stats for Muddy...
  Getting NRCS PREC stats for Muddy...
  Getting NRCS WTEQ stats for Muddy...
  Getting NRCS WTEQ stats for Muddy...
  Getting NRCS PREC stats for Lower Verde...
  Getting NRCS PREC stats for Lower Verde...
  Getting NRCS WTEQ stats for Lower Verde...
  Getting NRCS WTEQ stats for Lower Verde...
  Getting NRCS PREC stats for Chaco...
  Getting NRCS PREC stats for Chaco...
  Getting NRCS WTEQ stats for Chaco...
  Getting NRCS WTEQ stats for Chaco...
  Getting NRCS PREC stats for Middle San Juan...
  Getting NRCS PREC stats for Middle San Juan...
  Getting NRCS WTEQ stats for Middle San Juan...
  Getting NRCS WTEQ stats for Middle San Juan...
  Getting NRCS PREC stats for Upper San Juan...
  Getting NRCS PREC stats for Upper San Juan...
  Getting NRCS WTEQ stats for Upper San Juan...
  Getting NRCS WTEQ stats for Upper San Juan...
  Getting NRCS PREC stats for Animas...
  Getting NRCS PREC stats for Animas...
  Getting NRCS WTEQ stats for Animas...
  Getting NRCS WTEQ stats for Animas...
  Getting NRCS PREC stats for Blacks Fork...
  Getting NRCS PREC stats for Blacks Fork...
  Getting NRCS WTEQ stats for Blacks Fork...
  Getting NRCS WTEQ stats for Blacks Fork...
  Getting NRCS PREC stats for Chinle...
  Getting NRCS PREC stats for Chinle...
  Getting NRCS WTEQ stats for Chinle...
  Getting NRCS WTEQ stats for Chinle...
  Getting NRCS PREC stats for Paria...
  Getting NRCS PREC stats for Paria...
  Getting NRCS WTEQ stats for Paria...
  Getting NRCS WTEQ stats for Paria...
  Getting NRCS PREC stats for Lower San Juan-Four Corners...
  Getting NRCS PREC stats for Lower San Juan-Four Corners...
  Getting NRCS WTEQ stats for Lower San Juan-Four Corners...
  Getting NRCS WTEQ stats for Lower San Juan-Four Corners...
  Getting NRCS PREC stats for Upper Colorado-Kane Springs...
  Getting NRCS PREC stats for Upper Colorado-Kane Springs...
  Getting NRCS WTEQ stats for Upper Colorado-Kane Springs...
  Getting NRCS WTEQ stats for Upper Colorado-Kane Springs...
  Getting NRCS PREC stats for Duchesne...
  Getting NRCS PREC stats for Duchesne...
  Getting NRCS WTEQ stats for Duchesne...
  Getting NRCS WTEQ stats for Duchesne...
  Getting NRCS PREC stats for Strawberry...
  Getting NRCS PREC stats for Strawberry...
  Getting NRCS WTEQ stats for Strawberry...
  Getting NRCS WTEQ stats for Strawberry...
  Getting NRCS PREC stats for Lower Green-Desolation Canyon...
  Getting NRCS PREC stats for Lower Green-Desolation Canyon...
  Getting NRCS WTEQ stats for Lower Green-Desolation Canyon...
  Getting NRCS WTEQ stats for Lower Green-Desolation Canyon...
  Getting NRCS PREC stats for Price...
  Getting NRCS PREC stats for Price...
  Getting NRCS WTEQ stats for Price...
  Getting NRCS WTEQ stats for Price...
  Getting NRCS PREC stats for Lower Green...
  Getting NRCS PREC stats for Lower Green...
  Getting NRCS PREC stats for San Rafael...
  Getting NRCS PREC stats for San Rafael...
  Getting NRCS WTEQ stats for San Rafael...
  Getting NRCS WTEQ stats for San Rafael...
  Getting NRCS PREC stats for Lower Green-Diamond...
  Getting NRCS PREC stats for Lower Green-Diamond...
  Getting NRCS WTEQ stats for Lower Green-Diamond...
  Getting NRCS WTEQ stats for Lower Green-Diamond...
  Getting NRCS PREC stats for Upper Lake Powell...
  Getting NRCS PREC stats for Upper Lake Powell...
  Getting NRCS WTEQ stats for Upper Lake Powell...
  Getting NRCS WTEQ stats for Upper Lake Powell...
  Getting NRCS PREC stats for Muddy...
  Getting NRCS PREC stats for Muddy...
  Getting NRCS WTEQ stats for Muddy...
  Getting NRCS WTEQ stats for Muddy...
  Getting NRCS PREC stats for Fremont...
  Getting NRCS PREC stats for Fremont...
  Getting NRCS WTEQ stats for Fremont...
  Getting NRCS WTEQ stats for Fremont...
  Getting NRCS PREC stats for Escalante...
  Getting NRCS PREC stats for Escalante...
  Getting NRCS WTEQ stats for Escalante...
  Getting NRCS WTEQ stats for Escalante...
  Getting NRCS PREC stats for Willow...
  Getting NRCS PREC stats for Willow...
  Getting NRCS WTEQ stats for Willow...
  Getting NRCS WTEQ stats for Willow...
  Getting NRCS PREC stats for Dirty Devil...
  Getting NRCS PREC stats for Dirty Devil...
  Getting NRCS WTEQ stats for Dirty Devil...
  Getting NRCS WTEQ stats for Dirty Devil...
  Getting NRCS PREC stats for Colorado Headwaters-Plateau...
  Getting NRCS PREC stats for Colorado Headwaters-Plateau...
  Getting NRCS WTEQ stats for Colorado Headwaters-Plateau...
  Getting NRCS WTEQ stats for Colorado Headwaters-Plateau...
  Getting NRCS PREC stats for Colorado Headwaters...
  Getting NRCS PREC stats for Colorado Headwaters...
  Getting NRCS WTEQ stats for Colorado Headwaters...
  Getting NRCS WTEQ stats for Colorado Headwaters...
  Getting NRCS PREC stats for Blue...
  Getting NRCS PREC stats for Blue...
  Getting NRCS WTEQ stats for Blue...
  Getting NRCS WTEQ stats for Blue...
  Getting NRCS PREC stats for Eagle...
  Getting NRCS PREC stats for Eagle...
  Getting NRCS WTEQ stats for Eagle...
  Getting NRCS WTEQ stats for Eagle...
  Getting NRCS PREC stats for Roaring Fork...
  Getting NRCS PREC stats for Roaring Fork...
  Getting NRCS WTEQ stats for Roaring Fork...
  Getting NRCS WTEQ stats for Roaring Fork...
  Getting NRCS PREC stats for East-Taylor...
  Getting NRCS PREC stats for East-Taylor...
  Getting NRCS WTEQ stats for East-Taylor...
  Getting NRCS WTEQ stats for East-Taylor...
  Getting NRCS PREC stats for Upper Gunnison...
  Getting NRCS PREC stats for Upper Gunnison...
  Getting NRCS WTEQ stats for Upper Gunnison...
  Getting NRCS WTEQ stats for Upper Gunnison...
  Getting NRCS PREC stats for Tomichi...
  Getting NRCS PREC stats for Tomichi...
  Getting NRCS WTEQ stats for Tomichi...
  Getting NRCS WTEQ stats for Tomichi...
  Getting NRCS PREC stats for North Fork Gunnison...
  Getting NRCS PREC stats for North Fork Gunnison...
  Getting NRCS WTEQ stats for North Fork Gunnison...
  Getting NRCS WTEQ stats for North Fork Gunnison...
  Getting NRCS PREC stats for Lower Gunnison...
  Getting NRCS PREC stats for Lower Gunnison...
  Getting NRCS WTEQ stats for Lower Gunnison...
  Getting NRCS WTEQ stats for Lower Gunnison...
  Getting NRCS PREC stats for Uncompahgre...
  Getting NRCS PREC stats for Uncompahgre...
  Getting NRCS WTEQ stats for Uncompahgre...
  Getting NRCS WTEQ stats for Uncompahgre...
  Getting NRCS PREC stats for Upper Dolores...
  Getting NRCS PREC stats for Upper Dolores...
  Getting NRCS WTEQ stats for Upper Dolores...
  Getting NRCS WTEQ stats for Upper Dolores...
  Getting NRCS PREC stats for San Miguel...
  Getting NRCS PREC stats for San Miguel...
  Getting NRCS WTEQ stats for San Miguel...
  Getting NRCS WTEQ stats for San Miguel...
  Getting NRCS PREC stats for Upper White...
  Getting NRCS PREC stats for Upper White...
  Getting NRCS WTEQ stats for Upper White...
  Getting NRCS WTEQ stats for Upper White...
  Getting NRCS PREC stats for Lower Dolores...
  Getting NRCS PREC stats for Lower Dolores...
  Getting NRCS WTEQ stats for Lower Dolores...
  Getting NRCS WTEQ stats for Lower Dolores...
  Getting NRCS PREC stats for Montezuma...
  Getting NRCS PREC stats for Montezuma...
  Getting NRCS WTEQ stats for Montezuma...
  Getting NRCS WTEQ stats for Montezuma...
  Getting NRCS PREC stats for Lower White...
  Getting NRCS PREC stats for Lower White...
  Getting NRCS PREC stats for Piedra...
  Getting NRCS PREC stats for Piedra...
  Getting NRCS WTEQ stats for Piedra...
  Getting NRCS WTEQ stats for Piedra...
  Getting NRCS PREC stats for Mancos...
  Getting NRCS PREC stats for Mancos...
  Getting NRCS WTEQ stats for Mancos...
  Getting NRCS WTEQ stats for Mancos...
  Getting NRCS PREC stats for Westwater Canyon...
  Getting NRCS PREC stats for Westwater Canyon...
  Getting NRCS WTEQ stats for Westwater Canyon...
  Getting NRCS WTEQ stats for Westwater Canyon...
  Getting NRCS PREC stats for Muddy...
  Getting NRCS PREC stats for Muddy...
  Getting NRCS WTEQ stats for Muddy...
  Getting NRCS WTEQ stats for Muddy...
  Getting NRCS PREC stats for Muddy...
  Getting NRCS PREC stats for Muddy...
  Getting NRCS WTEQ stats for Muddy...
  Getting NRCS WTEQ stats for Muddy...
  Getting NRCS PREC stats for New Fork...
  Getting NRCS PREC stats for New Fork...
  Getting NRCS WTEQ stats for New Fork...
  Getting NRCS WTEQ stats for New Fork...
  Getting NRCS PREC stats for Upper Green...
  Getting NRCS PREC stats for Upper Green...
  Getting NRCS PREC stats for Big Sandy...
  Getting NRCS PREC stats for Big Sandy...
  Getting NRCS WTEQ stats for Big Sandy...
  Getting NRCS WTEQ stats for Big Sandy...
  Getting NRCS PREC stats for Upper Green-Flaming Gorge Reservoir...
  Getting NRCS PREC stats for Upper Green-Flaming Gorge Reservoir...
  Getting NRCS WTEQ stats for Upper Green-Flaming Gorge Reservoir...
  Getting NRCS WTEQ stats for Upper Green-Flaming Gorge Reservoir...
  Getting NRCS PREC stats for Little Snake...
  Getting NRCS PREC stats for Little Snake...
  Getting NRCS WTEQ stats for Little Snake...
  Getting NRCS WTEQ stats for Little Snake...
  Getting NRCS PREC stats for Upper Yampa...
  Getting NRCS PREC stats for Upper Yampa...
  Getting NRCS WTEQ stats for Upper Yampa...
  Getting NRCS WTEQ stats for Upper Yampa...
  Getting NRCS PREC stats for Upper Rio Grande...
  Getting NRCS PREC stats for Upper Rio Grande...
  Getting NRCS WTEQ stats for Upper Rio Grande...
  Getting NRCS WTEQ stats for Upper Rio Grande...
  Getting NRCS PREC stats for Rio Chama...
  Getting NRCS PREC stats for Rio Chama...
  Getting NRCS WTEQ stats for Rio Chama...
  Getting NRCS WTEQ stats for Rio Chama...
  Getting NRCS PREC stats for Rio Grande-Santa Fe...
  Getting NRCS PREC stats for Rio Grande-Santa Fe...
  Getting NRCS WTEQ stats for Rio Grande-Santa Fe...
  Getting NRCS WTEQ stats for Rio Grande-Santa Fe...
  Getting NRCS PREC stats for Jemez...
  Getting NRCS PREC stats for Jemez...
  Getting NRCS WTEQ stats for Jemez...
  Getting NRCS WTEQ stats for Jemez...
  Getting NRCS PREC stats for Rio Grande-Albuquerque...
  Getting NRCS PREC stats for Rio Grande-Albuquerque...
  Getting NRCS PREC stats for Rio Puerco...
  Getting NRCS PREC stats for Rio Puerco...
  Getting NRCS WTEQ stats for Rio Puerco...
  Getting NRCS WTEQ stats for Rio Puerco...
  Getting NRCS PREC stats for Rio San Jose...
  Getting NRCS PREC stats for Rio San Jose...
  Getting NRCS WTEQ stats for Rio San Jose...
  Getting NRCS WTEQ stats for Rio San Jose...
  Getting NRCS PREC stats for Caballo...
  Getting NRCS PREC stats for Caballo...
  Getting NRCS WTEQ stats for Caballo...
  Getting NRCS WTEQ stats for Caballo...
  Getting NRCS PREC stats for Mimbres...
  Getting NRCS PREC stats for Mimbres...
  Getting NRCS WTEQ stats for Mimbres...
  Getting NRCS WTEQ stats for Mimbres...
  Getting NRCS PREC stats for Pecos Headwaters...
  Getting NRCS PREC stats for Pecos Headwaters...
  Getting NRCS WTEQ stats for Pecos Headwaters...
  Getting NRCS WTEQ stats for Pecos Headwaters...
  Getting NRCS PREC stats for Gallo Arroyo...
  Getting NRCS PREC stats for Gallo Arroyo...
  Getting NRCS PREC stats for Rio Hondo...
  Getting NRCS PREC stats for Rio Hondo...
  Getting NRCS WTEQ stats for Rio Hondo...
  Getting NRCS WTEQ stats for Rio Hondo...
  Getting NRCS PREC stats for Conejos...
  Getting NRCS PREC stats for Conejos...
  Getting NRCS WTEQ stats for Conejos...
  Getting NRCS WTEQ stats for Conejos...
  Getting NRCS PREC stats for San Francisco...
  Getting NRCS PREC stats for San Francisco...
  Getting NRCS WTEQ stats for San Francisco...
  Getting NRCS WTEQ stats for San Francisco...
  Getting NRCS PREC stats for Rio Grande Headwaters...
  Getting NRCS PREC stats for Rio Grande Headwaters...
  Getting NRCS WTEQ stats for Rio Grande Headwaters...
  Getting NRCS WTEQ stats for Rio Grande Headwaters...
  Getting NRCS PREC stats for Alamosa-Trinchera...
  Getting NRCS PREC stats for Alamosa-Trinchera...
  Getting NRCS WTEQ stats for Alamosa-Trinchera...
  Getting NRCS WTEQ stats for Alamosa-Trinchera...
  Getting NRCS PREC stats for San Luis...
  Getting NRCS PREC stats for San Luis...
  Getting NRCS WTEQ stats for San Luis...
  Getting NRCS WTEQ stats for San Luis...
  Getting NRCS PREC stats for Saguache...
  Getting NRCS PREC stats for Saguache...
  Getting NRCS WTEQ stats for Saguache...
  Getting NRCS WTEQ stats for Saguache...
